<?xml version="1.0" encoding="UTF-8"?>
<testsuite xmlns:xsi="http://www.w3.org/2001/XMLSchema-instance" xsi:noNamespaceSchemaLocation="https://maven.apache.org/surefire/maven-surefire-plugin/xsd/surefire-test-report.xsd" name="com.assignment2.grpc.GrpcApplicationTests" time="8.385" tests="1" errors="0" skipped="0" failures="0">
  <properties>
    <property name="sun.desktop" value="gnome"/>
    <property name="awt.toolkit" value="sun.awt.X11.XToolkit"/>
    <property name="java.specification.version" value="11"/>
    <property name="sun.cpu.isalist" value=""/>
    <property name="sun.jnu.encoding" value="UTF-8"/>
    <property name="java.class.path" value="/home/adit/Desktop/distributed_ass2/server/grpc-service/target/test-classes:/home/adit/Desktop/distributed_ass2/server/grpc-service/target/classes:/home/adit/.m2/repository/org/springframework/boot/spring-boot-starter/2.5.4/spring-boot-starter-2.5.4.jar:/home/adit/.m2/repository/org/springframework/boot/spring-boot/2.5.4/spring-boot-2.5.4.jar:/home/adit/.m2/repository/org/springframework/spring-context/5.3.9/spring-context-5.3.9.jar:/home/adit/.m2/repository/org/springframework/spring-aop/5.3.9/spring-aop-5.3.9.jar:/home/adit/.m2/repository/org/springframework/spring-beans/5.3.9/spring-beans-5.3.9.jar:/home/adit/.m2/repository/org/springframework/spring-expression/5.3.9/spring-expression-5.3.9.jar:/home/adit/.m2/repository/org/springframework/boot/spring-boot-autoconfigure/2.5.4/spring-boot-autoconfigure-2.5.4.jar:/home/adit/.m2/repository/org/springframework/boot/spring-boot-starter-logging/2.5.4/spring-boot-starter-logging-2.5.4.jar:/home/adit/.m2/repository/ch/qos/logback/logback-classic/1.2.5/logback-classic-1.2.5.jar:/home/adit/.m2/repository/ch/qos/logback/logback-core/1.2.5/logback-core-1.2.5.jar:/home/adit/.m2/repository/org/apache/logging/log4j/log4j-to-slf4j/2.14.1/log4j-to-slf4j-2.14.1.jar:/home/adit/.m2/repository/org/apache/logging/log4j/log4j-api/2.14.1/log4j-api-2.14.1.jar:/home/adit/.m2/repository/org/slf4j/jul-to-slf4j/1.7.32/jul-to-slf4j-1.7.32.jar:/home/adit/.m2/repository/jakarta/annotation/jakarta.annotation-api/1.3.5/jakarta.annotation-api-1.3.5.jar:/home/adit/.m2/repository/org/springframework/spring-core/5.3.9/spring-core-5.3.9.jar:/home/adit/.m2/repository/org/springframework/spring-jcl/5.3.9/spring-jcl-5.3.9.jar:/home/adit/.m2/repository/org/yaml/snakeyaml/1.28/snakeyaml-1.28.jar:/home/adit/.m2/repository/net/devh/grpc-server-spring-boot-starter/2.12.0.RELEASE/grpc-server-spring-boot-starter-2.12.0.RELEASE.jar:/home/adit/.m2/repository/net/devh/grpc-server-spring-boot-autoconfigure/2.12.0.RELEASE/grpc-server-spring-boot-autoconfigure-2.12.0.RELEASE.jar:/home/adit/.m2/repository/net/devh/grpc-common-spring-boot/2.12.0.RELEASE/grpc-common-spring-boot-2.12.0.RELEASE.jar:/home/adit/.m2/repository/io/grpc/grpc-core/1.37.0/grpc-core-1.37.0.jar:/home/adit/.m2/repository/com/google/code/gson/gson/2.8.7/gson-2.8.7.jar:/home/adit/.m2/repository/com/google/android/annotations/4.1.1.4/annotations-4.1.1.4.jar:/home/adit/.m2/repository/io/perfmark/perfmark-api/0.23.0/perfmark-api-0.23.0.jar:/home/adit/.m2/repository/io/grpc/grpc-netty-shaded/1.37.0/grpc-netty-shaded-1.37.0.jar:/home/adit/.m2/repository/io/grpc/grpc-services/1.37.0/grpc-services-1.37.0.jar:/home/adit/.m2/repository/com/google/protobuf/protobuf-java-util/3.12.0/protobuf-java-util-3.12.0.jar:/home/adit/.m2/repository/org/codehaus/mojo/animal-sniffer-annotations/1.19/animal-sniffer-annotations-1.19.jar:/home/adit/.m2/repository/io/grpc/grpc-api/1.37.0/grpc-api-1.37.0.jar:/home/adit/.m2/repository/io/grpc/grpc-context/1.37.0/grpc-context-1.37.0.jar:/home/adit/.m2/repository/org/springframework/boot/spring-boot-starter-test/2.5.4/spring-boot-starter-test-2.5.4.jar:/home/adit/.m2/repository/org/springframework/boot/spring-boot-test/2.5.4/spring-boot-test-2.5.4.jar:/home/adit/.m2/repository/org/springframework/boot/spring-boot-test-autoconfigure/2.5.4/spring-boot-test-autoconfigure-2.5.4.jar:/home/adit/.m2/repository/com/jayway/jsonpath/json-path/2.5.0/json-path-2.5.0.jar:/home/adit/.m2/repository/net/minidev/json-smart/2.4.7/json-smart-2.4.7.jar:/home/adit/.m2/repository/net/minidev/accessors-smart/2.4.7/accessors-smart-2.4.7.jar:/home/adit/.m2/repository/org/ow2/asm/asm/9.1/asm-9.1.jar:/home/adit/.m2/repository/org/slf4j/slf4j-api/1.7.32/slf4j-api-1.7.32.jar:/home/adit/.m2/repository/jakarta/xml/bind/jakarta.xml.bind-api/2.3.3/jakarta.xml.bind-api-2.3.3.jar:/home/adit/.m2/repository/jakarta/activation/jakarta.activation-api/1.2.2/jakarta.activation-api-1.2.2.jar:/home/adit/.m2/repository/org/assertj/assertj-core/3.19.0/assertj-core-3.19.0.jar:/home/adit/.m2/repository/org/hamcrest/hamcrest/2.2/hamcrest-2.2.jar:/home/adit/.m2/repository/org/junit/jupiter/junit-jupiter/5.7.2/junit-jupiter-5.7.2.jar:/home/adit/.m2/repository/org/junit/jupiter/junit-jupiter-api/5.7.2/junit-jupiter-api-5.7.2.jar:/home/adit/.m2/repository/org/apiguardian/apiguardian-api/1.1.0/apiguardian-api-1.1.0.jar:/home/adit/.m2/repository/org/opentest4j/opentest4j/1.2.0/opentest4j-1.2.0.jar:/home/adit/.m2/repository/org/junit/platform/junit-platform-commons/1.7.2/junit-platform-commons-1.7.2.jar:/home/adit/.m2/repository/org/junit/jupiter/junit-jupiter-params/5.7.2/junit-jupiter-params-5.7.2.jar:/home/adit/.m2/repository/org/junit/jupiter/junit-jupiter-engine/5.7.2/junit-jupiter-engine-5.7.2.jar:/home/adit/.m2/repository/org/junit/platform/junit-platform-engine/1.7.2/junit-platform-engine-1.7.2.jar:/home/adit/.m2/repository/org/mockito/mockito-core/3.9.0/mockito-core-3.9.0.jar:/home/adit/.m2/repository/net/bytebuddy/byte-buddy/1.10.22/byte-buddy-1.10.22.jar:/home/adit/.m2/repository/net/bytebuddy/byte-buddy-agent/1.10.22/byte-buddy-agent-1.10.22.jar:/home/adit/.m2/repository/org/objenesis/objenesis/3.2/objenesis-3.2.jar:/home/adit/.m2/repository/org/mockito/mockito-junit-jupiter/3.9.0/mockito-junit-jupiter-3.9.0.jar:/home/adit/.m2/repository/org/skyscreamer/jsonassert/1.5.0/jsonassert-1.5.0.jar:/home/adit/.m2/repository/com/vaadin/external/google/android-json/0.0.20131108.vaadin1/android-json-0.0.20131108.vaadin1.jar:/home/adit/.m2/repository/org/springframework/spring-test/5.3.9/spring-test-5.3.9.jar:/home/adit/.m2/repository/org/xmlunit/xmlunit-core/2.8.2/xmlunit-core-2.8.2.jar:/home/adit/Desktop/distributed_ass2/server/grpc-common/target/grpc-common-0.0.1-SNAPSHOT.jar:/home/adit/.m2/repository/io/grpc/grpc-stub/1.53.0/grpc-stub-1.53.0.jar:/home/adit/.m2/repository/com/google/guava/guava/31.1-android/guava-31.1-android.jar:/home/adit/.m2/repository/com/google/guava/failureaccess/1.0.1/failureaccess-1.0.1.jar:/home/adit/.m2/repository/com/google/guava/listenablefuture/9999.0-empty-to-avoid-conflict-with-guava/listenablefuture-9999.0-empty-to-avoid-conflict-with-guava.jar:/home/adit/.m2/repository/org/checkerframework/checker-qual/3.12.0/checker-qual-3.12.0.jar:/home/adit/.m2/repository/com/google/j2objc/j2objc-annotations/1.3/j2objc-annotations-1.3.jar:/home/adit/.m2/repository/com/google/errorprone/error_prone_annotations/2.14.0/error_prone_annotations-2.14.0.jar:/home/adit/.m2/repository/io/grpc/grpc-protobuf/1.53.0/grpc-protobuf-1.53.0.jar:/home/adit/.m2/repository/com/google/code/findbugs/jsr305/3.0.2/jsr305-3.0.2.jar:/home/adit/.m2/repository/com/google/protobuf/protobuf-java/3.21.7/protobuf-java-3.21.7.jar:/home/adit/.m2/repository/com/google/api/grpc/proto-google-common-protos/2.9.0/proto-google-common-protos-2.9.0.jar:/home/adit/.m2/repository/io/grpc/grpc-protobuf-lite/1.53.0/grpc-protobuf-lite-1.53.0.jar:/home/adit/.m2/repository/org/mongodb/mongo-java-driver/3.12.12/mongo-java-driver-3.12.12.jar:/home/adit/.m2/repository/com/opencsv/opencsv/5.7.1/opencsv-5.7.1.jar:/home/adit/.m2/repository/org/apache/commons/commons-lang3/3.12.0/commons-lang3-3.12.0.jar:/home/adit/.m2/repository/org/apache/commons/commons-text/1.10.0/commons-text-1.10.0.jar:/home/adit/.m2/repository/commons-beanutils/commons-beanutils/1.9.4/commons-beanutils-1.9.4.jar:/home/adit/.m2/repository/commons-logging/commons-logging/1.2/commons-logging-1.2.jar:/home/adit/.m2/repository/commons-collections/commons-collections/3.2.2/commons-collections-3.2.2.jar:/home/adit/.m2/repository/org/apache/commons/commons-collections4/4.4/commons-collections4-4.4.jar:"/>
    <property name="java.vm.vendor" value="Ubuntu"/>
    <property name="sun.arch.data.model" value="64"/>
    <property name="java.vendor.url" value="https://ubuntu.com/"/>
    <property name="user.timezone" value=""/>
    <property name="java.vm.specification.version" value="11"/>
    <property name="os.name" value="Linux"/>
    <property name="sun.java.launcher" value="SUN_STANDARD"/>
    <property name="user.country" value="CA"/>
    <property name="sun.boot.library.path" value="/usr/lib/jvm/java-11-openjdk-amd64/lib"/>
    <property name="sun.java.command" value="/home/adit/Desktop/distributed_ass2/server/grpc-service/target/surefire/surefirebooter3093765841001583001.jar /home/adit/Desktop/distributed_ass2/server/grpc-service/target/surefire 2023-03-31T16-19-05_623-jvmRun1 surefire1476199324433748073tmp surefire_011808333522222212966tmp"/>
    <property name="jdk.debug" value="release"/>
    <property name="surefire.test.class.path" value="/home/adit/Desktop/distributed_ass2/server/grpc-service/target/test-classes:/home/adit/Desktop/distributed_ass2/server/grpc-service/target/classes:/home/adit/.m2/repository/org/springframework/boot/spring-boot-starter/2.5.4/spring-boot-starter-2.5.4.jar:/home/adit/.m2/repository/org/springframework/boot/spring-boot/2.5.4/spring-boot-2.5.4.jar:/home/adit/.m2/repository/org/springframework/spring-context/5.3.9/spring-context-5.3.9.jar:/home/adit/.m2/repository/org/springframework/spring-aop/5.3.9/spring-aop-5.3.9.jar:/home/adit/.m2/repository/org/springframework/spring-beans/5.3.9/spring-beans-5.3.9.jar:/home/adit/.m2/repository/org/springframework/spring-expression/5.3.9/spring-expression-5.3.9.jar:/home/adit/.m2/repository/org/springframework/boot/spring-boot-autoconfigure/2.5.4/spring-boot-autoconfigure-2.5.4.jar:/home/adit/.m2/repository/org/springframework/boot/spring-boot-starter-logging/2.5.4/spring-boot-starter-logging-2.5.4.jar:/home/adit/.m2/repository/ch/qos/logback/logback-classic/1.2.5/logback-classic-1.2.5.jar:/home/adit/.m2/repository/ch/qos/logback/logback-core/1.2.5/logback-core-1.2.5.jar:/home/adit/.m2/repository/org/apache/logging/log4j/log4j-to-slf4j/2.14.1/log4j-to-slf4j-2.14.1.jar:/home/adit/.m2/repository/org/apache/logging/log4j/log4j-api/2.14.1/log4j-api-2.14.1.jar:/home/adit/.m2/repository/org/slf4j/jul-to-slf4j/1.7.32/jul-to-slf4j-1.7.32.jar:/home/adit/.m2/repository/jakarta/annotation/jakarta.annotation-api/1.3.5/jakarta.annotation-api-1.3.5.jar:/home/adit/.m2/repository/org/springframework/spring-core/5.3.9/spring-core-5.3.9.jar:/home/adit/.m2/repository/org/springframework/spring-jcl/5.3.9/spring-jcl-5.3.9.jar:/home/adit/.m2/repository/org/yaml/snakeyaml/1.28/snakeyaml-1.28.jar:/home/adit/.m2/repository/net/devh/grpc-server-spring-boot-starter/2.12.0.RELEASE/grpc-server-spring-boot-starter-2.12.0.RELEASE.jar:/home/adit/.m2/repository/net/devh/grpc-server-spring-boot-autoconfigure/2.12.0.RELEASE/grpc-server-spring-boot-autoconfigure-2.12.0.RELEASE.jar:/home/adit/.m2/repository/net/devh/grpc-common-spring-boot/2.12.0.RELEASE/grpc-common-spring-boot-2.12.0.RELEASE.jar:/home/adit/.m2/repository/io/grpc/grpc-core/1.37.0/grpc-core-1.37.0.jar:/home/adit/.m2/repository/com/google/code/gson/gson/2.8.7/gson-2.8.7.jar:/home/adit/.m2/repository/com/google/android/annotations/4.1.1.4/annotations-4.1.1.4.jar:/home/adit/.m2/repository/io/perfmark/perfmark-api/0.23.0/perfmark-api-0.23.0.jar:/home/adit/.m2/repository/io/grpc/grpc-netty-shaded/1.37.0/grpc-netty-shaded-1.37.0.jar:/home/adit/.m2/repository/io/grpc/grpc-services/1.37.0/grpc-services-1.37.0.jar:/home/adit/.m2/repository/com/google/protobuf/protobuf-java-util/3.12.0/protobuf-java-util-3.12.0.jar:/home/adit/.m2/repository/org/codehaus/mojo/animal-sniffer-annotations/1.19/animal-sniffer-annotations-1.19.jar:/home/adit/.m2/repository/io/grpc/grpc-api/1.37.0/grpc-api-1.37.0.jar:/home/adit/.m2/repository/io/grpc/grpc-context/1.37.0/grpc-context-1.37.0.jar:/home/adit/.m2/repository/org/springframework/boot/spring-boot-starter-test/2.5.4/spring-boot-starter-test-2.5.4.jar:/home/adit/.m2/repository/org/springframework/boot/spring-boot-test/2.5.4/spring-boot-test-2.5.4.jar:/home/adit/.m2/repository/org/springframework/boot/spring-boot-test-autoconfigure/2.5.4/spring-boot-test-autoconfigure-2.5.4.jar:/home/adit/.m2/repository/com/jayway/jsonpath/json-path/2.5.0/json-path-2.5.0.jar:/home/adit/.m2/repository/net/minidev/json-smart/2.4.7/json-smart-2.4.7.jar:/home/adit/.m2/repository/net/minidev/accessors-smart/2.4.7/accessors-smart-2.4.7.jar:/home/adit/.m2/repository/org/ow2/asm/asm/9.1/asm-9.1.jar:/home/adit/.m2/repository/org/slf4j/slf4j-api/1.7.32/slf4j-api-1.7.32.jar:/home/adit/.m2/repository/jakarta/xml/bind/jakarta.xml.bind-api/2.3.3/jakarta.xml.bind-api-2.3.3.jar:/home/adit/.m2/repository/jakarta/activation/jakarta.activation-api/1.2.2/jakarta.activation-api-1.2.2.jar:/home/adit/.m2/repository/org/assertj/assertj-core/3.19.0/assertj-core-3.19.0.jar:/home/adit/.m2/repository/org/hamcrest/hamcrest/2.2/hamcrest-2.2.jar:/home/adit/.m2/repository/org/junit/jupiter/junit-jupiter/5.7.2/junit-jupiter-5.7.2.jar:/home/adit/.m2/repository/org/junit/jupiter/junit-jupiter-api/5.7.2/junit-jupiter-api-5.7.2.jar:/home/adit/.m2/repository/org/apiguardian/apiguardian-api/1.1.0/apiguardian-api-1.1.0.jar:/home/adit/.m2/repository/org/opentest4j/opentest4j/1.2.0/opentest4j-1.2.0.jar:/home/adit/.m2/repository/org/junit/platform/junit-platform-commons/1.7.2/junit-platform-commons-1.7.2.jar:/home/adit/.m2/repository/org/junit/jupiter/junit-jupiter-params/5.7.2/junit-jupiter-params-5.7.2.jar:/home/adit/.m2/repository/org/junit/jupiter/junit-jupiter-engine/5.7.2/junit-jupiter-engine-5.7.2.jar:/home/adit/.m2/repository/org/junit/platform/junit-platform-engine/1.7.2/junit-platform-engine-1.7.2.jar:/home/adit/.m2/repository/org/mockito/mockito-core/3.9.0/mockito-core-3.9.0.jar:/home/adit/.m2/repository/net/bytebuddy/byte-buddy/1.10.22/byte-buddy-1.10.22.jar:/home/adit/.m2/repository/net/bytebuddy/byte-buddy-agent/1.10.22/byte-buddy-agent-1.10.22.jar:/home/adit/.m2/repository/org/objenesis/objenesis/3.2/objenesis-3.2.jar:/home/adit/.m2/repository/org/mockito/mockito-junit-jupiter/3.9.0/mockito-junit-jupiter-3.9.0.jar:/home/adit/.m2/repository/org/skyscreamer/jsonassert/1.5.0/jsonassert-1.5.0.jar:/home/adit/.m2/repository/com/vaadin/external/google/android-json/0.0.20131108.vaadin1/android-json-0.0.20131108.vaadin1.jar:/home/adit/.m2/repository/org/springframework/spring-test/5.3.9/spring-test-5.3.9.jar:/home/adit/.m2/repository/org/xmlunit/xmlunit-core/2.8.2/xmlunit-core-2.8.2.jar:/home/adit/Desktop/distributed_ass2/server/grpc-common/target/grpc-common-0.0.1-SNAPSHOT.jar:/home/adit/.m2/repository/io/grpc/grpc-stub/1.53.0/grpc-stub-1.53.0.jar:/home/adit/.m2/repository/com/google/guava/guava/31.1-android/guava-31.1-android.jar:/home/adit/.m2/repository/com/google/guava/failureaccess/1.0.1/failureaccess-1.0.1.jar:/home/adit/.m2/repository/com/google/guava/listenablefuture/9999.0-empty-to-avoid-conflict-with-guava/listenablefuture-9999.0-empty-to-avoid-conflict-with-guava.jar:/home/adit/.m2/repository/org/checkerframework/checker-qual/3.12.0/checker-qual-3.12.0.jar:/home/adit/.m2/repository/com/google/j2objc/j2objc-annotations/1.3/j2objc-annotations-1.3.jar:/home/adit/.m2/repository/com/google/errorprone/error_prone_annotations/2.14.0/error_prone_annotations-2.14.0.jar:/home/adit/.m2/repository/io/grpc/grpc-protobuf/1.53.0/grpc-protobuf-1.53.0.jar:/home/adit/.m2/repository/com/google/code/findbugs/jsr305/3.0.2/jsr305-3.0.2.jar:/home/adit/.m2/repository/com/google/protobuf/protobuf-java/3.21.7/protobuf-java-3.21.7.jar:/home/adit/.m2/repository/com/google/api/grpc/proto-google-common-protos/2.9.0/proto-google-common-protos-2.9.0.jar:/home/adit/.m2/repository/io/grpc/grpc-protobuf-lite/1.53.0/grpc-protobuf-lite-1.53.0.jar:/home/adit/.m2/repository/org/mongodb/mongo-java-driver/3.12.12/mongo-java-driver-3.12.12.jar:/home/adit/.m2/repository/com/opencsv/opencsv/5.7.1/opencsv-5.7.1.jar:/home/adit/.m2/repository/org/apache/commons/commons-lang3/3.12.0/commons-lang3-3.12.0.jar:/home/adit/.m2/repository/org/apache/commons/commons-text/1.10.0/commons-text-1.10.0.jar:/home/adit/.m2/repository/commons-beanutils/commons-beanutils/1.9.4/commons-beanutils-1.9.4.jar:/home/adit/.m2/repository/commons-logging/commons-logging/1.2/commons-logging-1.2.jar:/home/adit/.m2/repository/commons-collections/commons-collections/3.2.2/commons-collections-3.2.2.jar:/home/adit/.m2/repository/org/apache/commons/commons-collections4/4.4/commons-collections4-4.4.jar:"/>
    <property name="sun.cpu.endian" value="little"/>
    <property name="user.home" value="/home/adit"/>
    <property name="user.language" value="en"/>
    <property name="java.specification.vendor" value="Oracle Corporation"/>
    <property name="java.version.date" value="2023-01-17"/>
    <property name="java.home" value="/usr/lib/jvm/java-11-openjdk-amd64"/>
    <property name="file.separator" value="/"/>
    <property name="basedir" value="/home/adit/Desktop/distributed_ass2/server/grpc-service"/>
    <property name="java.vm.compressedOopsMode" value="32-bit"/>
    <property name="line.separator" value="&#10;"/>
    <property name="java.specification.name" value="Java Platform API Specification"/>
    <property name="java.vm.specification.vendor" value="Oracle Corporation"/>
    <property name="java.awt.graphicsenv" value="sun.awt.X11GraphicsEnvironment"/>
    <property name="surefire.real.class.path" value="/home/adit/Desktop/distributed_ass2/server/grpc-service/target/surefire/surefirebooter3093765841001583001.jar"/>
    <property name="sun.management.compiler" value="HotSpot 64-Bit Tiered Compilers"/>
    <property name="java.runtime.version" value="11.0.18+10-post-Ubuntu-0ubuntu122.04"/>
    <property name="user.name" value="adit"/>
    <property name="path.separator" value=":"/>
    <property name="os.version" value="5.19.0-35-generic"/>
    <property name="java.runtime.name" value="OpenJDK Runtime Environment"/>
    <property name="file.encoding" value="UTF-8"/>
    <property name="java.vm.name" value="OpenJDK 64-Bit Server VM"/>
    <property name="localRepository" value="/home/adit/.m2/repository"/>
    <property name="java.vendor.url.bug" value="https://bugs.launchpad.net/ubuntu/+source/openjdk-lts"/>
    <property name="java.io.tmpdir" value="/tmp"/>
    <property name="java.version" value="11.0.18"/>
    <property name="user.dir" value="/home/adit/Desktop/distributed_ass2/server/grpc-service"/>
    <property name="os.arch" value="amd64"/>
    <property name="java.vm.specification.name" value="Java Virtual Machine Specification"/>
    <property name="java.awt.printerjob" value="sun.print.PSPrinterJob"/>
    <property name="sun.os.patch.level" value="unknown"/>
    <property name="java.library.path" value="/usr/java/packages/lib:/usr/lib/x86_64-linux-gnu/jni:/lib/x86_64-linux-gnu:/usr/lib/x86_64-linux-gnu:/usr/lib/jni:/lib:/usr/lib"/>
    <property name="java.vm.info" value="mixed mode, sharing"/>
    <property name="java.vendor" value="Ubuntu"/>
    <property name="java.vm.version" value="11.0.18+10-post-Ubuntu-0ubuntu122.04"/>
    <property name="sun.io.unicode.encoding" value="UnicodeLittle"/>
    <property name="java.class.version" value="55.0"/>
  </properties>
  <testcase name="contextLoads" classname="com.assignment2.grpc.GrpcApplicationTests" time="0.944"/>
</testsuite>